=== Inicio Fri Mar 13 16:55:13 CET 2026 ===
Arrancando servidor FastAPI...
FastAPI listo
Creando túnel Cloudflare...
URL detectada: https://many-calculated-mysterious-flooring.trycloudflare.com
{"ok":true,"result":{"message_id":31,"from":{"id":8699636159,"is_bot":true,"first_name":"Direcci\u00f3n Mac Mini","username":"macminicarlos_bot"},"chat":{"id":477674266,"first_name":"Carlos","last_name":"B","username":"carlosbla","type":"private"},"date":1773417322,"text":"\ud83d\udfe2 Servidor pericial activo\nhttps://many-calculated-mysterious-flooring.trycloudflare.com","entities":[{"offset":28,"length":61,"type":"url"}],"link_preview_options":{"url":"https://many-calculated-mysterious-flooring.trycloudflare.com/"}}}Arranque completado
=== Inicio Fri Mar 13 17:01:41 CET 2026 ===
Arrancando servidor FastAPI...
FastAPI listo
Creando túnel Cloudflare...
URL detectada: https://peers-uri-corporations-timber.trycloudflare.com
La URL pública todavía no responde; no se envía Telegram
=== Inicio Fri Mar 13 20:35:53 CET 2026 ===
Arrancando servidor FastAPI...
FastAPI listo
Creando túnel Cloudflare...
URL detectada: https://going-his-pharmaceuticals-captured.trycloudflare.com
=== Inicio Fri Mar 13 20:37:04 CET 2026 ===
Arrancando servidor FastAPI...
FastAPI listo
Creando túnel Cloudflare...
URL detectada: https://recognized-making-grove-serves.trycloudflare.com
La URL pública todavía no responde; no se envía Telegram
